Base path: /Applications/Unity/Unity.app/Contents
Pipe name: \\.\pipe\UnityShaderCompiler-2--1335070720
Cmd: getPlatforms
Cmd: compileSnippet
  api=0 type=0 insize=3880 outsize=3832 kw=OCTAVES_4 QUALITY_HIGH SCATTERING_OFF ok=1
Cmd: compileSnippet
  api=0 type=0 insize=3880 outsize=5321 kw=SCATTERING_ON QUALITY_HIGH OCTAVES_3 ok=1
Cmd: compileSnippet
  api=0 type=0 insize=3880 outsize=7047 kw=SCATTERING_ON QUALITY_HIGH OCTAVES_5 ok=1
Cmd: compileSnippet
  api=0 type=0 insize=3880 outsize=6181 kw=SCATTERING_ON OCTAVES_4 QUALITY_LOW ok=1
Cmd: compileSnippet
  api=0 type=0 insize=3880 outsize=3501 kw=SCATTERING_ON OCTAVES_1 QUALITY_LOW ok=1
Cmd: compileSnippet
  api=0 type=0 insize=3880 outsize=4457 kw=SCATTERING_ON OCTAVES_2 QUALITY_LOW ok=1
Cmd: compileSnippet
  api=0 type=0 insize=3880 outsize=3400 kw=SCATTERING_OFF OCTAVES_3 QUALITY_LOW ok=1
Cmd: compileSnippet
  api=0 type=0 insize=3880 outsize=7045 kw=SCATTERING_ON OCTAVES_5 QUALITY_LOW ok=1
Cmd: compileSnippet
  api=0 type=0 insize=3880 outsize=3832 kw=OCTAVES_4 SCATTERING_OFF QUALITY_MED ok=1
Cmd: compileSnippet
  api=0 type=0 insize=3880 outsize=3503 kw=SCATTERING_ON OCTAVES_1 QUALITY_MED ok=1
Cmd: compileSnippet
  api=0 type=0 insize=3880 outsize=2970 kw=SCATTERING_OFF OCTAVES_2 QUALITY_MED ok=1
Cmd: compileSnippet
  api=0 type=0 insize=3880 outsize=3401 kw=SCATTERING_OFF OCTAVES_3 QUALITY_MED ok=1
Cmd: compileSnippet
  api=0 type=0 insize=3880 outsize=4264 kw=SCATTERING_OFF OCTAVES_5 QUALITY_MED ok=1
Cmd: compileSnippet
  api=0 type=1 insize=3880 outsize=6 kw=OCTAVES_4 QUALITY_HIGH SCATTERING_OFF ok=1
Cmd: compileSnippet
  api=0 type=1 insize=3880 outsize=6 kw=SCATTERING_ON QUALITY_HIGH OCTAVES_2 ok=1
Cmd: compileSnippet
  api=0 type=1 insize=3880 outsize=6 kw=QUALITY_HIGH SCATTERING_OFF OCTAVES_3 ok=1
Cmd: compileSnippet
  api=0 type=1 insize=3880 outsize=6 kw=SCATTERING_ON QUALITY_HIGH OCTAVES_5 ok=1
Cmd: compileSnippet
  api=0 type=1 insize=3880 outsize=6 kw=QUALITY_HIGH SCATTERING_OFF OCTAVES_5 ok=1
Cmd: compileSnippet
  api=0 type=1 insize=3880 outsize=6 kw=SCATTERING_ON OCTAVES_4 QUALITY_LOW ok=1
Cmd: compileSnippet
  api=0 type=1 insize=3880 outsize=6 kw=SCATTERING_OFF OCTAVES_1 QUALITY_LOW ok=1
Cmd: compileSnippet
  api=0 type=1 insize=3880 outsize=6 kw=SCATTERING_ON OCTAVES_3 QUALITY_LOW ok=1
Cmd: compileSnippet
  api=0 type=1 insize=3880 outsize=6 kw=SCATTERING_OFF OCTAVES_3 QUALITY_LOW ok=1
Cmd: compileSnippet
  api=0 type=1 insize=3880 outsize=6 kw=SCATTERING_OFF OCTAVES_5 QUALITY_LOW ok=1
Cmd: compileSnippet
  api=0 type=1 insize=3880 outsize=6 kw=SCATTERING_ON OCTAVES_4 QUALITY_MED ok=1
Cmd: compileSnippet
  api=0 type=1 insize=3880 outsize=6 kw=OCTAVES_4 SCATTERING_OFF QUALITY_MED ok=1
Cmd: compileSnippet
  api=0 type=1 insize=3880 outsize=6 kw=SCATTERING_ON OCTAVES_1 QUALITY_MED ok=1
Cmd: compileSnippet
  api=0 type=1 insize=3880 outsize=6 kw=SCATTERING_ON OCTAVES_2 QUALITY_MED ok=1
Cmd: compileSnippet
  api=0 type=1 insize=3880 outsize=6 kw=SCATTERING_ON OCTAVES_3 QUALITY_MED ok=1
Cmd: compileSnippet
  api=0 type=0 insize=5620 outsize=1673 kw=DIRECTIONAL SHADOWS_SCREEN LIGHTMAP_OFF DIRLIGHTMAP_OFF ok=1
Cmd: compileSnippet
  api=0 type=0 insize=5620 outsize=2359 kw=DIRECTIONAL SHADOWS_SCREEN LIGHTMAP_OFF DIRLIGHTMAP_OFF VERTEXLIGHT_ON ok=1
Cmd: compileSnippet
  api=0 type=1 insize=5620 outsize=964 kw=DIRECTIONAL SHADOWS_SCREEN LIGHTMAP_OFF DIRLIGHTMAP_OFF ok=1
Cmd: compileSnippet
  api=0 type=0 insize=3341 outsize=1438 kw=POINT_COOKIE ok=1
Cmd: compileSnippet
  api=0 type=0 insize=3341 outsize=1358 kw=DIRECTIONAL_COOKIE ok=1
Cmd: compileSnippet
  api=0 type=1 insize=3341 outsize=977 kw=POINT_COOKIE ok=1
Cmd: compileSnippet
  api=1 type=0 insize=636 outsize=212 kw= ok=1
Cmd: compileSnippet
  api=1 type=1 insize=636 outsize=52 kw= ok=1
Cmd: compileSnippet
  api=1 type=0 insize=3880 outsize=290 kw=SCATTERING_ON OCTAVES_4 QUALITY_HIGH ok=1
Cmd: compileSnippet
  api=4 type=0 insize=3880 outsize=1640 kw=OCTAVES_4 QUALITY_HIGH SCATTERING_OFF ok=1
Cmd: compileSnippet
  api=4 type=0 insize=3880 outsize=1640 kw=SCATTERING_ON QUALITY_HIGH OCTAVES_1 ok=1
Cmd: compileSnippet
  api=4 type=0 insize=3880 outsize=1640 kw=QUALITY_HIGH SCATTERING_OFF OCTAVES_1 ok=1
Cmd: compileSnippet
  api=4 type=0 insize=3880 outsize=1640 kw=SCATTERING_ON QUALITY_HIGH OCTAVES_2 ok=1
Cmd: compileSnippet
  api=1 type=0 insize=3880 outsize=290 kw=QUALITY_HIGH SCATTERING_OFF OCTAVES_2 ok=1
Cmd: compileSnippet
  api=4 type=0 insize=3880 outsize=1640 kw=SCATTERING_ON QUALITY_HIGH OCTAVES_3 ok=1
Cmd: compileSnippet
  api=1 type=0 insize=3880 outsize=290 kw=QUALITY_HIGH SCATTERING_OFF OCTAVES_3 ok=1
Cmd: compileSnippet
  api=4 type=0 insize=3880 outsize=1640 kw=SCATTERING_ON QUALITY_HIGH OCTAVES_5 ok=1
Cmd: compileSnippet
  api=1 type=0 insize=3880 outsize=290 kw=QUALITY_HIGH SCATTERING_OFF OCTAVES_5 ok=1
Cmd: compileSnippet
  api=4 type=0 insize=3880 outsize=1640 kw=SCATTERING_ON OCTAVES_4 QUALITY_LOW ok=1
Cmd: compileSnippet
  api=4 type=0 insize=3880 outsize=1640 kw=OCTAVES_4 SCATTERING_OFF QUALITY_LOW ok=1
Cmd: compileSnippet
  api=4 type=0 insize=3880 outsize=1640 kw=SCATTERING_ON OCTAVES_1 QUALITY_LOW ok=1
Cmd: compileSnippet
  api=4 type=0 insize=3880 outsize=1640 kw=SCATTERING_OFF OCTAVES_1 QUALITY_LOW ok=1
Cmd: compileSnippet
  api=1 type=0 insize=3880 outsize=290 kw=SCATTERING_ON OCTAVES_2 QUALITY_LOW ok=1
Cmd: compileSnippet
  api=4 type=0 insize=3880 outsize=1640 kw=SCATTERING_OFF OCTAVES_2 QUALITY_LOW ok=1
Cmd: compileSnippet
  api=4 type=0 insize=3880 outsize=1640 kw=SCATTERING_ON OCTAVES_3 QUALITY_LOW ok=1
Cmd: compileSnippet
  api=1 type=0 insize=3880 outsize=290 kw=SCATTERING_OFF OCTAVES_3 QUALITY_LOW ok=1
Cmd: compileSnippet
  api=1 type=0 insize=3880 outsize=290 kw=SCATTERING_ON OCTAVES_5 QUALITY_LOW ok=1
Cmd: compileSnippet
  api=1 type=0 insize=3880 outsize=290 kw=SCATTERING_OFF OCTAVES_5 QUALITY_LOW ok=1
Cmd: compileSnippet
  api=1 type=0 insize=3880 outsize=290 kw=SCATTERING_ON OCTAVES_4 QUALITY_MED ok=1
Cmd: compileSnippet
  api=4 type=0 insize=3880 outsize=1640 kw=OCTAVES_4 SCATTERING_OFF QUALITY_MED ok=1
Cmd: compileSnippet
  api=4 type=0 insize=3880 outsize=1640 kw=SCATTERING_ON OCTAVES_1 QUALITY_MED ok=1
Cmd: compileSnippet
  api=1 type=0 insize=3880 outsize=290 kw=SCATTERING_OFF OCTAVES_1 QUALITY_MED ok=1
Cmd: compileSnippet
  api=4 type=0 insize=3880 outsize=1640 kw=SCATTERING_ON OCTAVES_2 QUALITY_MED ok=1
Cmd: compileSnippet
  api=4 type=0 insize=3880 outsize=1640 kw=SCATTERING_OFF OCTAVES_2 QUALITY_MED ok=1
Cmd: compileSnippet
  api=4 type=0 insize=3880 outsize=1640 kw=SCATTERING_ON OCTAVES_3 QUALITY_MED ok=1
Cmd: compileSnippet
  api=1 type=0 insize=3880 outsize=290 kw=SCATTERING_OFF OCTAVES_3 QUALITY_MED ok=1
Cmd: compileSnippet
  api=1 type=0 insize=3880 outsize=290 kw=SCATTERING_ON OCTAVES_5 QUALITY_MED ok=1
Cmd: compileSnippet
  api=4 type=0 insize=3880 outsize=1640 kw=SCATTERING_OFF OCTAVES_5 QUALITY_MED ok=1
Cmd: compileSnippet
  api=1 type=1 insize=3880 outsize=3663 kw=SCATTERING_ON OCTAVES_4 QUALITY_HIGH ok=1
Cmd: compileSnippet
  api=1 type=1 insize=3880 outsize=2203 kw=OCTAVES_4 QUALITY_HIGH SCATTERING_OFF ok=1
Cmd: compileSnippet
  api=4 type=1 insize=3880 outsize=5702 kw=OCTAVES_4 QUALITY_HIGH SCATTERING_OFF ok=1
Cmd: compileSnippet
  api=1 type=1 insize=3880 outsize=2055 kw=SCATTERING_ON QUALITY_HIGH OCTAVES_1 ok=1
Cmd: compileSnippet
  api=4 type=1 insize=3880 outsize=5288 kw=SCATTERING_ON QUALITY_HIGH OCTAVES_1 ok=1
Cmd: compileSnippet
  api=1 type=1 insize=3880 outsize=1655 kw=QUALITY_HIGH SCATTERING_OFF OCTAVES_2 ok=1
Cmd: compileSnippet
  api=4 type=1 insize=3880 outsize=4386 kw=QUALITY_HIGH SCATTERING_OFF OCTAVES_2 ok=1
Cmd: compileSnippet
  api=1 type=1 insize=3880 outsize=3107 kw=SCATTERING_ON QUALITY_HIGH OCTAVES_3 ok=1
Cmd: compileSnippet
  api=1 type=1 insize=3880 outsize=1927 kw=QUALITY_HIGH SCATTERING_OFF OCTAVES_3 ok=1
Cmd: compileSnippet
  api=4 type=1 insize=3880 outsize=5044 kw=QUALITY_HIGH SCATTERING_OFF OCTAVES_3 ok=1
Cmd: compileSnippet
  api=4 type=1 insize=3880 outsize=10723 kw=SCATTERING_ON QUALITY_HIGH OCTAVES_5 ok=1
Cmd: compileSnippet
  api=1 type=1 insize=3880 outsize=2202 kw=OCTAVES_4 SCATTERING_OFF QUALITY_LOW ok=1
Cmd: compileSnippet
  api=4 type=1 insize=3880 outsize=5702 kw=OCTAVES_4 SCATTERING_OFF QUALITY_LOW ok=1
Cmd: compileSnippet
  api=1 type=1 insize=3880 outsize=1361 kw=SCATTERING_OFF OCTAVES_1 QUALITY_LOW ok=1
Cmd: compileSnippet
  api=4 type=1 insize=3880 outsize=3622 kw=SCATTERING_OFF OCTAVES_1 QUALITY_LOW ok=1
Cmd: compileSnippet
  api=1 type=1 insize=3880 outsize=2613 kw=SCATTERING_ON OCTAVES_2 QUALITY_LOW ok=1
Cmd: compileSnippet
  api=1 type=1 insize=3880 outsize=1654 kw=SCATTERING_OFF OCTAVES_2 QUALITY_LOW ok=1
Cmd: compileSnippet
  api=4 type=1 insize=3880 outsize=4386 kw=SCATTERING_OFF OCTAVES_2 QUALITY_LOW ok=1
Cmd: compileSnippet
  api=1 type=1 insize=3880 outsize=3112 kw=SCATTERING_ON OCTAVES_3 QUALITY_LOW ok=1
Cmd: compileSnippet
  api=1 type=1 insize=3880 outsize=1926 kw=SCATTERING_OFF OCTAVES_3 QUALITY_LOW ok=1
Cmd: compileSnippet
  api=4 type=1 insize=3880 outsize=5044 kw=SCATTERING_OFF OCTAVES_3 QUALITY_LOW ok=1
Cmd: compileSnippet
  api=1 type=1 insize=3880 outsize=4210 kw=SCATTERING_ON OCTAVES_5 QUALITY_LOW ok=1
Cmd: compileSnippet
  api=4 type=1 insize=3880 outsize=10723 kw=SCATTERING_ON OCTAVES_5 QUALITY_LOW ok=1
Cmd: compileSnippet
  api=1 type=1 insize=3880 outsize=2203 kw=OCTAVES_4 SCATTERING_OFF QUALITY_MED ok=1
Cmd: compileSnippet
  api=4 type=1 insize=3880 outsize=5702 kw=OCTAVES_4 SCATTERING_OFF QUALITY_MED ok=1
Cmd: compileSnippet
  api=4 type=1 insize=3880 outsize=5288 kw=SCATTERING_ON OCTAVES_1 QUALITY_MED ok=1
Cmd: compileSnippet
  api=4 type=1 insize=3880 outsize=6775 kw=SCATTERING_ON OCTAVES_2 QUALITY_MED ok=1
Cmd: compileSnippet
  api=1 type=1 insize=3880 outsize=1927 kw=SCATTERING_OFF OCTAVES_3 QUALITY_MED ok=1
Cmd: compileSnippet
  api=4 type=1 insize=3880 outsize=5044 kw=SCATTERING_OFF OCTAVES_3 QUALITY_MED ok=1
Cmd: compileSnippet
  api=1 type=1 insize=3880 outsize=4211 kw=SCATTERING_ON OCTAVES_5 QUALITY_MED ok=1
Cmd: compileSnippet
  api=1 type=1 insize=3880 outsize=2469 kw=SCATTERING_OFF OCTAVES_5 QUALITY_MED ok=1
Cmd: compileSnippet
  api=4 type=1 insize=3880 outsize=6360 kw=SCATTERING_OFF OCTAVES_5 QUALITY_MED ok=1
Cmd: compileSnippet
  api=1 type=0 insize=5620 outsize=1125 kw=DIRECTIONAL SHADOWS_OFF LIGHTMAP_OFF DIRLIGHTMAP_OFF ok=1
Cmd: compileSnippet
  api=8 type=0 insize=5620 outsize=6614 kw=DIRECTIONAL SHADOWS_OFF LIGHTMAP_OFF DIRLIGHTMAP_OFF ok=1
Cmd: compileSnippet
  api=8 type=0 insize=5620 outsize=7126 kw=DIRECTIONAL SHADOWS_SCREEN LIGHTMAP_OFF DIRLIGHTMAP_OFF ok=1
Cmd: compileSnippet
  api=8 type=0 insize=5620 outsize=9360 kw=DIRECTIONAL SHADOWS_OFF LIGHTMAP_OFF DIRLIGHTMAP_OFF VERTEXLIGHT_ON ok=1
Cmd: compileSnippet
  api=1 type=1 insize=5620 outsize=795 kw=DIRECTIONAL SHADOWS_OFF LIGHTMAP_OFF DIRLIGHTMAP_OFF ok=1
Cmd: compileSnippet
  api=1 type=1 insize=5620 outsize=854 kw=DIRECTIONAL SHADOWS_SCREEN LIGHTMAP_OFF DIRLIGHTMAP_OFF ok=1
Cmd: compileSnippet
  api=4 type=1 insize=5620 outsize=2761 kw=DIRECTIONAL SHADOWS_SCREEN LIGHTMAP_OFF DIRLIGHTMAP_OFF ok=1
Cmd: compileSnippet
  api=1 type=0 insize=3341 outsize=954 kw=POINT ok=1
Cmd: compileSnippet
  api=8 type=0 insize=3341 outsize=6045 kw=POINT ok=1
Cmd: compileSnippet
  api=8 type=0 insize=3341 outsize=4892 kw=DIRECTIONAL ok=1
Cmd: compileSnippet
  api=4 type=0 insize=3341 outsize=4150 kw=SPOT ok=1
Cmd: compileSnippet
  api=1 type=0 insize=3341 outsize=954 kw=POINT_COOKIE ok=1
Cmd: compileSnippet
  api=4 type=0 insize=3341 outsize=4150 kw=POINT_COOKIE ok=1
Cmd: compileSnippet
  api=1 type=0 insize=3341 outsize=908 kw=DIRECTIONAL_COOKIE ok=1
Cmd: compileSnippet
  api=8 type=0 insize=3341 outsize=5915 kw=DIRECTIONAL_COOKIE ok=1
Cmd: compileSnippet
  api=1 type=1 insize=3341 outsize=799 kw=POINT ok=1
Cmd: compileSnippet
  api=8 type=1 insize=3341 outsize=3811 kw=POINT ok=1
Cmd: compileSnippet
  api=8 type=1 insize=3341 outsize=3137 kw=DIRECTIONAL ok=1
Cmd: compileSnippet
  api=8 type=1 insize=3341 outsize=4453 kw=SPOT ok=1
Cmd: compileSnippet
  api=1 type=1 insize=3341 outsize=716 kw=DIRECTIONAL_COOKIE ok=1
Cmd: compileSnippet
  api=4 type=1 insize=3341 outsize=2282 kw=DIRECTIONAL_COOKIE ok=1
Cmd: compileSnippet
  api=8 type=1 insize=3341 outsize=3518 kw=DIRECTIONAL_COOKIE ok=1
End of pipe

Quitting shader compiler process
